Using pre-set license
Built from '2021.3/release' branch; Version is '2021.3.28f1 (232e59c3f087) revision 2305625'; Using compiler version '192829333'; Build Type 'Release'
OS: 'Windows 11  (10.0.22621) 64bit CoreSingleLanguage' Language: 'en' Physical Memory: 16295 MB
BatchMode: 1, IsHumanControllingUs: 0, StartBugReporterOnCrash: 0, Is64bit: 1, IsPro: 1

COMMAND LINE ARGUMENTS:
N:\Unity\editor\2021.3.28f1\Editor\Unity.exe
-adb2
-batchMode
-noUpm
-name
AssetImportWorker1
-projectPath
N:/Unity/Projects/Arkais
-logFile
Logs/AssetImportWorker1.log
-srvPort
62669
Successfully changed project path to: N:/Unity/Projects/Arkais
N:/Unity/Projects/Arkais
[UnityMemory] Configuration Parameters - Can be set up in boot.config
    "memorysetup-bucket-allocator-granularity=16"
    "memorysetup-bucket-allocator-bucket-count=8"
    "memorysetup-bucket-allocator-block-size=33554432"
    "memorysetup-bucket-allocator-block-count=8"
    "memorysetup-main-allocator-block-size=16777216"
    "memorysetup-thread-allocator-block-size=16777216"
    "memorysetup-gfx-main-allocator-block-size=16777216"
    "memorysetup-gfx-thread-allocator-block-size=16777216"
    "memorysetup-cache-allocator-block-size=4194304"
    "memorysetup-typetree-allocator-block-size=2097152"
    "memorysetup-profiler-bucket-allocator-granularity=16"
    "memorysetup-profiler-bucket-allocator-bucket-count=8"
    "memorysetup-profiler-bucket-allocator-block-size=33554432"
    "memorysetup-profiler-bucket-allocator-block-count=8"
    "memorysetup-profiler-allocator-block-size=16777216"
    "memorysetup-profiler-editor-allocator-block-size=1048576"
    "memorysetup-temp-allocator-size-main=16777216"
    "memorysetup-job-temp-allocator-block-size=2097152"
    "memorysetup-job-temp-allocator-block-size-background=1048576"
    "memorysetup-job-temp-allocator-reduction-small-platforms=262144"
    "memorysetup-temp-allocator-size-background-worker=32768"
    "memorysetup-temp-allocator-size-job-worker=262144"
    "memorysetup-temp-allocator-size-preload-manager=33554432"
    "memorysetup-temp-allocator-size-nav-mesh-worker=65536"
    "memorysetup-temp-allocator-size-audio-worker=65536"
    "memorysetup-temp-allocator-size-cloud-worker=32768"
    "memorysetup-temp-allocator-size-gi-baking-worker=262144"
    "memorysetup-temp-allocator-size-gfx=262144"
Player connection [25504] Host "[IP] 192.168.1.2 [Port] 0 [Flags] 2 [Guid] 1613033443 [EditorId] 1613033443 [Version] 1048832 [Id] WindowsEditor(7,Aenois) [Debug] 1 [PackageName] WindowsEditor [ProjectName] Editor" joined multi-casting on [225.0.0.222:54997]...

Player connection [25504] Host "[IP] 192.168.1.2 [Port] 0 [Flags] 2 [Guid] 1613033443 [EditorId] 1613033443 [Version] 1048832 [Id] WindowsEditor(7,Aenois) [Debug] 1 [PackageName] WindowsEditor [ProjectName] Editor" joined alternative multi-casting on [225.0.0.222:34997]...

Refreshing native plugins compatible for Editor in 124.68 ms, found 0 plugins.
Preloading 0 native plugins for Editor in 0.00 ms.
Initialize engine version: 2021.3.28f1 (232e59c3f087)
[Subsystems] Discovering subsystems at path N:/Unity/editor/2021.3.28f1/Editor/Data/Resources/UnitySubsystems
[Subsystems] Discovering subsystems at path N:/Unity/Projects/Arkais/Assets
GfxDevice: creating device client; threaded=0; jobified=0
Direct3D:
    Version:  Direct3D 11.0 [level 11.1]
    Renderer: NVIDIA GeForce GTX 1650 (ID=0x1f91)
    Vendor:   NVIDIA
    VRAM:     3949 MB
    Driver:   31.0.15.3667
Initialize mono
Mono path[0] = 'N:/Unity/editor/2021.3.28f1/Editor/Data/Managed'
Mono path[1] = 'N:/Unity/editor/2021.3.28f1/Editor/Data/MonoBleedingEdge/lib/mono/unityjit-win32'
Mono config path = 'N:/Unity/editor/2021.3.28f1/Editor/Data/MonoBleedingEdge/etc'
Using monoOptions --debugger-agent=transport=dt_socket,embedding=1,server=y,suspend=n,address=127.0.0.1:56608
Begin MonoManager ReloadAssembly
Registering precompiled unity dll's ...
Register platform support module: N:/Unity/editor/2021.3.28f1/Editor/Data/PlaybackEngines/WebGLSupport/UnityEditor.WebGL.Extensions.dll
Register platform support module: N:/Unity/editor/2021.3.28f1/Editor/Data/PlaybackEngines/AndroidPlayer/UnityEditor.Android.Extensions.dll
Register platform support module: N:/Unity/editor/2021.3.28f1/Editor/Data/PlaybackEngines/WindowsStandaloneSupport/UnityEditor.WindowsStandalone.Extensions.dll
Register platform support module: N:/Unity/editor/2021.3.28f1/Editor/Data/PlaybackEngines/MetroSupport/UnityEditor.UWP.Extensions.dll
Registered in 0.002366 seconds.
Native extension for UWP target not found
Native extension for WindowsStandalone target not found
Native extension for Android target not found
Android Extension - Scanning For ADB Devices 264 ms
Native extension for WebGL target not found
Refreshing native plugins compatible for Editor in 105.28 ms, found 0 plugins.
Preloading 0 native plugins for Editor in 0.00 ms.
Mono: successfully reloaded assembly
- Completed reload, in  0.997 seconds
Domain Reload Profiling:
	ReloadAssembly (997ms)
		BeginReloadAssembly (77ms)
			ExecutionOrderSort (0ms)
			DisableScriptedObjects (0ms)
			BackupInstance (0ms)
			ReleaseScriptingObjects (0ms)
			CreateAndSetChildDomain (1ms)
		EndReloadAssembly (826ms)
			LoadAssemblies (77ms)
			RebuildTransferFunctionScriptingTraits (0ms)
			SetupTypeCache (118ms)
			ReleaseScriptCaches (0ms)
			RebuildScriptCaches (31ms)
			SetupLoadedEditorAssemblies (625ms)
				LogAssemblyErrors (0ms)
				InitializePlatformSupportModulesInManaged (376ms)
				SetLoadedEditorAssemblies (0ms)
				RefreshPlugins (105ms)
				BeforeProcessingInitializeOnLoad (1ms)
				ProcessInitializeOnLoadAttributes (91ms)
				ProcessInitializeOnLoadMethodAttributes (52ms)
				AfterProcessingInitializeOnLoad (0ms)
				EditorAssembliesLoaded (0ms)
			ExecutionOrderSort2 (0ms)
			AwakeInstancesAfterBackupRestoration (0ms)
Platform modules already initialized, skipping
Registering precompiled user dll's ...
Registered in 0.001693 seconds.
Begin MonoManager ReloadAssembly
Native extension for UWP target not found
Native extension for WindowsStandalone target not found
Native extension for Android target not found
Native extension for WebGL target not found
Refreshing native plugins compatible for Editor in 104.09 ms, found 0 plugins.
Preloading 0 native plugins for Editor in 0.00 ms.
Mono: successfully reloaded assembly
- Completed reload, in  1.192 seconds
Domain Reload Profiling:
	ReloadAssembly (1193ms)
		BeginReloadAssembly (120ms)
			ExecutionOrderSort (0ms)
			DisableScriptedObjects (6ms)
			BackupInstance (0ms)
			ReleaseScriptingObjects (0ms)
			CreateAndSetChildDomain (27ms)
		EndReloadAssembly (968ms)
			LoadAssemblies (80ms)
			RebuildTransferFunctionScriptingTraits (0ms)
			SetupTypeCache (234ms)
			ReleaseScriptCaches (1ms)
			RebuildScriptCaches (61ms)
			SetupLoadedEditorAssemblies (550ms)
				LogAssemblyErrors (0ms)
				InitializePlatformSupportModulesInManaged (22ms)
				SetLoadedEditorAssemblies (0ms)
				RefreshPlugins (104ms)
				BeforeProcessingInitializeOnLoad (78ms)
				ProcessInitializeOnLoadAttributes (255ms)
				ProcessInitializeOnLoadMethodAttributes (88ms)
				AfterProcessingInitializeOnLoad (2ms)
				EditorAssembliesLoaded (0ms)
			ExecutionOrderSort2 (0ms)
			AwakeInstancesAfterBackupRestoration (7ms)
Platform modules already initialized, skipping
========================================================================
Worker process is ready to serve import requests
Launched and connected shader compiler UnityShaderCompiler.exe after 0.06 seconds
Refreshing native plugins compatible for Editor in 1.01 ms, found 0 plugins.
Preloading 0 native plugins for Editor in 0.00 ms.
Unloading 3660 Unused Serialized files (Serialized files now loaded: 0)
Unloading 35 unused Assets / (421.0 KB). Loaded Objects now: 4166.
Memory consumption went from 200.1 MB to 199.7 MB.
Total: 5.028400 ms (FindLiveObjects: 1.526400 ms CreateObjectMapping: 0.490300 ms MarkObjects: 2.826500 ms  DeleteObjects: 0.183900 ms)

AssetImportParameters requested are different than current active one (requested -> active):
  custom:video-decoder-ogg-theora: a1e56fd34408186e4bbccfd4996cb3dc -> 
  custom:container-muxer-webm: aa71ff27fc2769a1b78a27578f13a17b -> 
  custom:container-demuxer-webm: 4f35f7cbe854078d1ac9338744f61a02 -> 
  custom:video-encoder-webm-vp8: eb34c28f22e8b96e1ab97ce403110664 -> 
  custom:CustomObjectIndexerAttribute: 6b0e35c9178b02a6363f3721b7b8e397 -> 
  custom:audio-encoder-webm-vorbis: bf7c407c2cedff20999df2af8eb42d56 -> 
  custom:framework-win-MediaFoundation: 216162199b28c13a410421893ffa2e32 -> 
  custom:container-demuxer-ogg: 62fdf1f143b41e24485cea50d1cbac27 -> 
  custom:video-decoder-webm-vp8: 9c59270c3fd7afecdb556c50c9e8de78 -> 
  custom:audio-decoder-ogg-vorbis: bf7c407c2cedff20999df2af8eb42d56 -> 
========================================================================
Received Prepare
Registering precompiled user dll's ...
Registered in 0.001615 seconds.
Begin MonoManager ReloadAssembly
Native extension for UWP target not found
Native extension for WindowsStandalone target not found
Native extension for Android target not found
Native extension for WebGL target not found
Refreshing native plugins compatible for Editor in 1.08 ms, found 0 plugins.
Preloading 0 native plugins for Editor in 0.00 ms.
Mono: successfully reloaded assembly
- Completed reload, in  1.142 seconds
Domain Reload Profiling:
	ReloadAssembly (1143ms)
		BeginReloadAssembly (147ms)
			ExecutionOrderSort (0ms)
			DisableScriptedObjects (10ms)
			BackupInstance (0ms)
			ReleaseScriptingObjects (0ms)
			CreateAndSetChildDomain (39ms)
		EndReloadAssembly (892ms)
			LoadAssemblies (83ms)
			RebuildTransferFunctionScriptingTraits (0ms)
			SetupTypeCache (231ms)
			ReleaseScriptCaches (1ms)
			RebuildScriptCaches (64ms)
			SetupLoadedEditorAssemblies (344ms)
				LogAssemblyErrors (0ms)
				InitializePlatformSupportModulesInManaged (19ms)
				SetLoadedEditorAssemblies (0ms)
				RefreshPlugins (1ms)
				BeforeProcessingInitializeOnLoad (63ms)
				ProcessInitializeOnLoadAttributes (151ms)
				ProcessInitializeOnLoadMethodAttributes (106ms)
				AfterProcessingInitializeOnLoad (4ms)
				EditorAssembliesLoaded (0ms)
			ExecutionOrderSort2 (0ms)
			AwakeInstancesAfterBackupRestoration (90ms)
Platform modules already initialized, skipping
Refreshing native plugins compatible for Editor in 1.34 ms, found 0 plugins.
Preloading 0 native plugins for Editor in 0.00 ms.
Unloading 3492 Unused Serialized files (Serialized files now loaded: 0)
Unloading 12 unused Assets / (387.6 KB). Loaded Objects now: 4181.
Memory consumption went from 186.7 MB to 186.4 MB.
Total: 3.613700 ms (FindLiveObjects: 0.286600 ms CreateObjectMapping: 0.189500 ms MarkObjects: 2.998500 ms  DeleteObjects: 0.138400 ms)

AssetImportParameters requested are different than current active one (requested -> active):
  custom:video-decoder-ogg-theora: a1e56fd34408186e4bbccfd4996cb3dc -> 
  custom:container-muxer-webm: aa71ff27fc2769a1b78a27578f13a17b -> 
  custom:container-demuxer-webm: 4f35f7cbe854078d1ac9338744f61a02 -> 
  custom:video-encoder-webm-vp8: eb34c28f22e8b96e1ab97ce403110664 -> 
  custom:CustomObjectIndexerAttribute: 6b0e35c9178b02a6363f3721b7b8e397 -> 
  custom:audio-encoder-webm-vorbis: bf7c407c2cedff20999df2af8eb42d56 -> 
  custom:framework-win-MediaFoundation: 216162199b28c13a410421893ffa2e32 -> 
  custom:container-demuxer-ogg: 62fdf1f143b41e24485cea50d1cbac27 -> 
  custom:video-decoder-webm-vp8: 9c59270c3fd7afecdb556c50c9e8de78 -> 
  custom:audio-decoder-ogg-vorbis: bf7c407c2cedff20999df2af8eb42d56 -> 
========================================================================
Received Prepare
Registering precompiled user dll's ...
Registered in 0.001644 seconds.
Begin MonoManager ReloadAssembly
Native extension for UWP target not found
Native extension for WindowsStandalone target not found
Native extension for Android target not found
Native extension for WebGL target not found
Refreshing native plugins compatible for Editor in 1.73 ms, found 0 plugins.
Preloading 0 native plugins for Editor in 0.00 ms.
Mono: successfully reloaded assembly
- Completed reload, in  1.131 seconds
Domain Reload Profiling:
	ReloadAssembly (1132ms)
		BeginReloadAssembly (145ms)
			ExecutionOrderSort (0ms)
			DisableScriptedObjects (8ms)
			BackupInstance (0ms)
			ReleaseScriptingObjects (0ms)
			CreateAndSetChildDomain (35ms)
		EndReloadAssembly (879ms)
			LoadAssemblies (88ms)
			RebuildTransferFunctionScriptingTraits (0ms)
			SetupTypeCache (227ms)
			ReleaseScriptCaches (1ms)
			RebuildScriptCaches (48ms)
			SetupLoadedEditorAssemblies (356ms)
				LogAssemblyErrors (0ms)
				InitializePlatformSupportModulesInManaged (21ms)
				SetLoadedEditorAssemblies (1ms)
				RefreshPlugins (2ms)
				BeforeProcessingInitializeOnLoad (70ms)
				ProcessInitializeOnLoadAttributes (144ms)
				ProcessInitializeOnLoadMethodAttributes (114ms)
				AfterProcessingInitializeOnLoad (3ms)
				EditorAssembliesLoaded (0ms)
			ExecutionOrderSort2 (0ms)
			AwakeInstancesAfterBackupRestoration (93ms)
Platform modules already initialized, skipping
Refreshing native plugins compatible for Editor in 1.81 ms, found 0 plugins.
Preloading 0 native plugins for Editor in 0.00 ms.
Unloading 3492 Unused Serialized files (Serialized files now loaded: 0)
Unloading 12 unused Assets / (387.6 KB). Loaded Objects now: 4196.
Memory consumption went from 186.8 MB to 186.4 MB.
Total: 3.810900 ms (FindLiveObjects: 0.275600 ms CreateObjectMapping: 0.184800 ms MarkObjects: 3.267300 ms  DeleteObjects: 0.081900 ms)

AssetImportParameters requested are different than current active one (requested -> active):
  custom:video-decoder-ogg-theora: a1e56fd34408186e4bbccfd4996cb3dc -> 
  custom:container-muxer-webm: aa71ff27fc2769a1b78a27578f13a17b -> 
  custom:container-demuxer-webm: 4f35f7cbe854078d1ac9338744f61a02 -> 
  custom:video-encoder-webm-vp8: eb34c28f22e8b96e1ab97ce403110664 -> 
  custom:CustomObjectIndexerAttribute: 6b0e35c9178b02a6363f3721b7b8e397 -> 
  custom:audio-encoder-webm-vorbis: bf7c407c2cedff20999df2af8eb42d56 -> 
  custom:framework-win-MediaFoundation: 216162199b28c13a410421893ffa2e32 -> 
  custom:container-demuxer-ogg: 62fdf1f143b41e24485cea50d1cbac27 -> 
  custom:video-decoder-webm-vp8: 9c59270c3fd7afecdb556c50c9e8de78 -> 
  custom:audio-decoder-ogg-vorbis: bf7c407c2cedff20999df2af8eb42d56 -> 
========================================================================
Received Import Request.
  Time since last request: 50932.269623 seconds.
  path: Assets/GameData/3 Placeables/Level 2/EnArcherAi.asset
  artifactKey: Guid(27fbe1c86d458ac43963674019bac670) Importer(815301076,1909f56bfc062723c751e8b465ee728b)
Start importing Assets/GameData/3 Placeables/Level 2/EnArcherAi.asset using Guid(27fbe1c86d458ac43963674019bac670) Importer(815301076,1909f56bfc062723c751e8b465ee728b)  -> (artifact id: '0660224254c2b44eeb6b3eec856ceb87') in 0.041481 seconds 
========================================================================
Received Import Request.
  Time since last request: 34.527667 seconds.
  path: Assets/RPGPP_LT/Prefabs/Props/Furniture/Chairs/rpgpp_lt_chair_01a.prefab
  artifactKey: Guid(af46e0e24402dfa49aea336191bc47ab) Importer(815301076,1909f56bfc062723c751e8b465ee728b)
Start importing Assets/RPGPP_LT/Prefabs/Props/Furniture/Chairs/rpgpp_lt_chair_01a.prefab using Guid(af46e0e24402dfa49aea336191bc47ab) Importer(815301076,1909f56bfc062723c751e8b465ee728b)  -> (artifact id: 'facceaf88081f324e5f16059e6d36b02') in 0.020103 seconds 
========================================================================
Received Import Request.
  Time since last request: 0.005905 seconds.
  path: Assets/RPGPP_LT/Models/Props/rpgpp_lt_chair_01a.fbx
  artifactKey: Guid(c7acbad2649a15647a7a4dfd8cceb5ac) Importer(815301076,1909f56bfc062723c751e8b465ee728b)
Start importing Assets/RPGPP_LT/Models/Props/rpgpp_lt_chair_01a.fbx using Guid(c7acbad2649a15647a7a4dfd8cceb5ac) Importer(815301076,1909f56bfc062723c751e8b465ee728b)  -> (artifact id: 'c378f37b9427c079a65f0ca8e46752a3') in 0.004586 seconds 
========================================================================
Received Import Request.
  Time since last request: 0.189419 seconds.
  path: Assets/RPGPP_LT/Prefabs/Props/Furniture/Chairs/rpgpp_lt_chair_01b.prefab
  artifactKey: Guid(7a77ea810bbc0db4992e500affe32dbf) Importer(815301076,1909f56bfc062723c751e8b465ee728b)
Start importing Assets/RPGPP_LT/Prefabs/Props/Furniture/Chairs/rpgpp_lt_chair_01b.prefab using Guid(7a77ea810bbc0db4992e500affe32dbf) Importer(815301076,1909f56bfc062723c751e8b465ee728b)  -> (artifact id: '31f525604d9108c1ec824d97e330cc0c') in 0.034665 seconds 
========================================================================
Received Import Request.
  Time since last request: 0.081554 seconds.
  path: Assets/RPGPP_LT/Models/Nature/rpgpp_lt_mountain_01.fbx
  artifactKey: Guid(9d123ff5b15c0bd4fbd33779e2acdbd9) Importer(815301076,1909f56bfc062723c751e8b465ee728b)
Start importing Assets/RPGPP_LT/Models/Nature/rpgpp_lt_mountain_01.fbx using Guid(9d123ff5b15c0bd4fbd33779e2acdbd9) Importer(815301076,1909f56bfc062723c751e8b465ee728b)  -> (artifact id: '3c3f171e4b0b82dea2fcc0f66782c069') in 0.051812 seconds 
========================================================================
Received Import Request.
  Time since last request: 0.000019 seconds.
  path: Assets/RPGPP_LT/Prefabs/Nature/Terrain/rpgpp_lt_terrain_grass_01.prefab
  artifactKey: Guid(bdf8e7438a7816543998181bd3067573) Importer(815301076,1909f56bfc062723c751e8b465ee728b)
Start importing Assets/RPGPP_LT/Prefabs/Nature/Terrain/rpgpp_lt_terrain_grass_01.prefab using Guid(bdf8e7438a7816543998181bd3067573) Importer(815301076,1909f56bfc062723c751e8b465ee728b)  -> (artifact id: '3bdc9be5242509d3163399ce655a9e7e') in 0.010168 seconds 
========================================================================
Received Import Request.
  Time since last request: 0.497461 seconds.
  path: Assets/RPGPP_LT/Models/Nature/rpgpp_lt_terrain_path_01b.fbx
  artifactKey: Guid(70fbff8150321794f8532fef4f4d7c98) Importer(815301076,1909f56bfc062723c751e8b465ee728b)
Start importing Assets/RPGPP_LT/Models/Nature/rpgpp_lt_terrain_path_01b.fbx using Guid(70fbff8150321794f8532fef4f4d7c98) Importer(815301076,1909f56bfc062723c751e8b465ee728b)  -> (artifact id: '4c3a420d700532daa65553250d6f34e1') in 0.014277 seconds 
========================================================================
Received Import Request.
  Time since last request: 0.312608 seconds.
  path: Assets/RPGPP_LT/Models/Nature/rpgpp_lt_terrain_sand_01.fbx
  artifactKey: Guid(b75a02a185084be49bc0ead09438de21) Importer(815301076,1909f56bfc062723c751e8b465ee728b)
Start importing Assets/RPGPP_LT/Models/Nature/rpgpp_lt_terrain_sand_01.fbx using Guid(b75a02a185084be49bc0ead09438de21) Importer(815301076,1909f56bfc062723c751e8b465ee728b)  -> (artifact id: '9bf6b56d957b15b2584043e369b056fe') in 0.012020 seconds 
========================================================================
Received Import Request.
  Time since last request: 0.000015 seconds.
  path: Assets/SyntyStudios/PolygonCity/Prefabs/Buildings/SM_Bld_Apartment_Stairs_01.prefab
  artifactKey: Guid(afe0ad4fc8b424945846ae10043c796b) Importer(815301076,1909f56bfc062723c751e8b465ee728b)
Start importing Assets/SyntyStudios/PolygonCity/Prefabs/Buildings/SM_Bld_Apartment_Stairs_01.prefab using Guid(afe0ad4fc8b424945846ae10043c796b) Importer(815301076,1909f56bfc062723c751e8b465ee728b)  -> (artifact id: '64dfbe46fa09cd47c5e885dd580346da') in 0.016390 seconds 
========================================================================
Received Import Request.
  Time since last request: 0.195955 seconds.
  path: Assets/SyntyStudios/PolygonCity/Models/Collisions/SM_Bld_Apartment_Stairs_01_Convex.asset
  artifactKey: Guid(ed0cdc21e47e51a4d9ff2619bad8ca96) Importer(815301076,1909f56bfc062723c751e8b465ee728b)
Start importing Assets/SyntyStudios/PolygonCity/Models/Collisions/SM_Bld_Apartment_Stairs_01_Convex.asset using Guid(ed0cdc21e47e51a4d9ff2619bad8ca96) Importer(815301076,1909f56bfc062723c751e8b465ee728b)  -> (artifact id: '502c2645f4a9d5abf34957158627a9ea') in 0.009620 seconds 
========================================================================
Received Import Request.
  Time since last request: 0.000024 seconds.
  path: Assets/SyntyStudios/PolygonCity/Models/Collisions/SM_Bld_Apartment_Stairs_01_Convex 2.asset
  artifactKey: Guid(195ab0e43d8bd584788792f4f12a0565) Importer(815301076,1909f56bfc062723c751e8b465ee728b)
Start importing Assets/SyntyStudios/PolygonCity/Models/Collisions/SM_Bld_Apartment_Stairs_01_Convex 2.asset using Guid(195ab0e43d8bd584788792f4f12a0565) Importer(815301076,1909f56bfc062723c751e8b465ee728b)  -> (artifact id: '5d4b5951c818b8020ec1c89f20eaf624') in 0.011386 seconds 
========================================================================
Received Import Request.
  Time since last request: 0.000029 seconds.
  path: Assets/SyntyStudios/PolygonCity/Models/SM_Bld_Apartment_Stairs_02.fbx
  artifactKey: Guid(9c729cfae9636a24dadc4b4363ba5958) Importer(815301076,1909f56bfc062723c751e8b465ee728b)
Start importing Assets/SyntyStudios/PolygonCity/Models/SM_Bld_Apartment_Stairs_02.fbx using Guid(9c729cfae9636a24dadc4b4363ba5958) Importer(815301076,1909f56bfc062723c751e8b465ee728b)  -> (artifact id: '1dd750bcf7c8d7d8079c268da2113d91') in 0.015412 seconds 
========================================================================
Received Import Request.
  Time since last request: 0.077905 seconds.
  path: Assets/SyntyStudios/PolygonCity/Models/Collisions/SM_Bld_Apartment_Stairs_02_Collision.fbx
  artifactKey: Guid(d727ed3d685501b45af77bdb4fb61185) Importer(815301076,1909f56bfc062723c751e8b465ee728b)
Start importing Assets/SyntyStudios/PolygonCity/Models/Collisions/SM_Bld_Apartment_Stairs_02_Collision.fbx using Guid(d727ed3d685501b45af77bdb4fb61185) Importer(815301076,1909f56bfc062723c751e8b465ee728b)  -> (artifact id: '7c8605ed1e0fe0ac64e595c38d8f9c48') in 0.016994 seconds 
========================================================================
Received Import Request.
  Time since last request: 0.104007 seconds.
  path: Assets/SyntyStudios/PolygonCity/Models/Collisions/SM_Bld_Apartment_Stairs_03_Convex 1.asset
  artifactKey: Guid(dc188e31371c5804691e05fa38f84e43) Importer(815301076,1909f56bfc062723c751e8b465ee728b)
Start importing Assets/SyntyStudios/PolygonCity/Models/Collisions/SM_Bld_Apartment_Stairs_03_Convex 1.asset using Guid(dc188e31371c5804691e05fa38f84e43) Importer(815301076,1909f56bfc062723c751e8b465ee728b)  -> (artifact id: 'c4794f35ac60a2166da457256446897b') in 0.011456 seconds 
========================================================================
Received Import Request.
  Time since last request: 6.555892 seconds.
  path: Assets/SyntyStudios/PolygonCity/Models/Collisions/SM_Bld_Apartment_Stairs_03_Convex 3.asset
  artifactKey: Guid(e55e9db328382ae44a063314822ccdf5) Importer(815301076,1909f56bfc062723c751e8b465ee728b)
Start importing Assets/SyntyStudios/PolygonCity/Models/Collisions/SM_Bld_Apartment_Stairs_03_Convex 3.asset using Guid(e55e9db328382ae44a063314822ccdf5) Importer(815301076,1909f56bfc062723c751e8b465ee728b)  -> (artifact id: '7a4c8c81ac44a569561453f10d2e5b19') in 0.011809 seconds 
========================================================================
Received Import Request.
  Time since last request: 0.191396 seconds.
  path: Assets/SyntyStudios/PolygonCity/Models/SM_Bld_Apartment_Stairs_Corner_01.fbx
  artifactKey: Guid(35bc2f51d3d7aae41adf7ae636dbd289) Importer(815301076,1909f56bfc062723c751e8b465ee728b)
Start importing Assets/SyntyStudios/PolygonCity/Models/SM_Bld_Apartment_Stairs_Corner_01.fbx using Guid(35bc2f51d3d7aae41adf7ae636dbd289) Importer(815301076,1909f56bfc062723c751e8b465ee728b)  -> (artifact id: '42ce1fd5c10e35f1f8c78f6df22af618') in 0.055814 seconds 
========================================================================
Received Import Request.
  Time since last request: 0.295794 seconds.
  path: Assets/SyntyStudios/PolygonCity/Models/Collisions/SM_Bld_Apartment_Stairs_Corner_01_Convex 2.asset
  artifactKey: Guid(625bcaee86c5f914cbe750774120f726) Importer(815301076,1909f56bfc062723c751e8b465ee728b)
Start importing Assets/SyntyStudios/PolygonCity/Models/Collisions/SM_Bld_Apartment_Stairs_Corner_01_Convex 2.asset using Guid(625bcaee86c5f914cbe750774120f726) Importer(815301076,1909f56bfc062723c751e8b465ee728b)  -> (artifact id: '669fbde72953d005c1438b755d16cf6b') in 0.011533 seconds 
========================================================================
Received Import Request.
  Time since last request: 2.848043 seconds.
  path: Assets/SyntyStudios/PolygonCity/Models/SM_Bld_Apartment_Stairs_Planter_01.fbx
  artifactKey: Guid(ff5cbf6f60105054b93e3851b435ab4b) Importer(815301076,1909f56bfc062723c751e8b465ee728b)
Start importing Assets/SyntyStudios/PolygonCity/Models/SM_Bld_Apartment_Stairs_Planter_01.fbx using Guid(ff5cbf6f60105054b93e3851b435ab4b) Importer(815301076,1909f56bfc062723c751e8b465ee728b)  -> (artifact id: 'a166f04b28a387b4c976cfa058afe715') in 0.011823 seconds 
========================================================================
Received Import Request.
  Time since last request: 0.000020 seconds.
  path: Assets/SyntyStudios/PolygonCity/Models/Collisions/SM_Bld_Apartment_Stairs_Planter_01_Convex.asset
  artifactKey: Guid(0e25186a70c2b414f9eb3d6d4e01b138) Importer(815301076,1909f56bfc062723c751e8b465ee728b)
Start importing Assets/SyntyStudios/PolygonCity/Models/Collisions/SM_Bld_Apartment_Stairs_Planter_01_Convex.asset using Guid(0e25186a70c2b414f9eb3d6d4e01b138) Importer(815301076,1909f56bfc062723c751e8b465ee728b)  -> (artifact id: '508e081a41063c6605388eb7ee814fac') in 0.010091 seconds 
========================================================================
Received Import Request.
  Time since last request: 0.000020 seconds.
  path: Assets/SyntyStudios/PolygonCity/Prefabs/Buildings/SM_Bld_Apartment_Stairs_Planter_02.prefab
  artifactKey: Guid(625b05b65035a0f4bb8d99f542a308b2) Importer(815301076,1909f56bfc062723c751e8b465ee728b)
Start importing Assets/SyntyStudios/PolygonCity/Prefabs/Buildings/SM_Bld_Apartment_Stairs_Planter_02.prefab using Guid(625b05b65035a0f4bb8d99f542a308b2) Importer(815301076,1909f56bfc062723c751e8b465ee728b)  -> (artifact id: '6477faa5ea9ae1506ecaee4c1fc69e49') in 0.014151 seconds 
========================================================================
Received Import Request.
  Time since last request: 0.238765 seconds.
  path: Assets/SyntyStudios/PolygonCity/Models/Collisions/SM_Bld_Apartment_Stairs_Planter_02_Convex 1.asset
  artifactKey: Guid(2610157a98762644da4c88d89a1f99d1) Importer(815301076,1909f56bfc062723c751e8b465ee728b)
Start importing Assets/SyntyStudios/PolygonCity/Models/Collisions/SM_Bld_Apartment_Stairs_Planter_02_Convex 1.asset using Guid(2610157a98762644da4c88d89a1f99d1) Importer(815301076,1909f56bfc062723c751e8b465ee728b)  -> (artifact id: 'a3d4f708bcffe607faef4ee3eef21671') in 0.010727 seconds 
========================================================================
Received Import Request.
  Time since last request: 0.000018 seconds.
  path: Assets/SyntyStudios/PolygonKnights/Models/SM_Bld_Rockwall_StairArchway_01.fbx
  artifactKey: Guid(2e62b52cc7e0fa04ab6e8fcbb2663598) Importer(815301076,1909f56bfc062723c751e8b465ee728b)
Start importing Assets/SyntyStudios/PolygonKnights/Models/SM_Bld_Rockwall_StairArchway_01.fbx using Guid(2e62b52cc7e0fa04ab6e8fcbb2663598) Importer(815301076,1909f56bfc062723c751e8b465ee728b)  -> (artifact id: 'df904227d706ab559b8a2050f2584e8c') in 0.030199 seconds 
========================================================================
Received Import Request.
  Time since last request: 0.164371 seconds.
  path: Assets/SyntyStudios/PolygonKnights/Models/SM_Bld_Rockwall_StairArchway_01_Convex 1.asset
  artifactKey: Guid(1ad40eb58d8e7ba42814d1e26fe215e2) Importer(815301076,1909f56bfc062723c751e8b465ee728b)
Start importing Assets/SyntyStudios/PolygonKnights/Models/SM_Bld_Rockwall_StairArchway_01_Convex 1.asset using Guid(1ad40eb58d8e7ba42814d1e26fe215e2) Importer(815301076,1909f56bfc062723c751e8b465ee728b)  -> (artifact id: '630453a0f3c533725cead1cb25346638') in 0.012282 seconds 
========================================================================
Received Import Request.
  Time since last request: 0.100538 seconds.
  path: Assets/SyntyStudios/PolygonKnights/Models/SM_Bld_Rockwall_StairArchway_01_Snow.fbx
  artifactKey: Guid(0a9b553c46f97e747a554da38ba39522) Importer(815301076,1909f56bfc062723c751e8b465ee728b)
Start importing Assets/SyntyStudios/PolygonKnights/Models/SM_Bld_Rockwall_StairArchway_01_Snow.fbx using Guid(0a9b553c46f97e747a554da38ba39522) Importer(815301076,1909f56bfc062723c751e8b465ee728b)  -> (artifact id: 'a6ae8d3b94dc03e279fcf0dd00949cb8') in 0.017263 seconds 
========================================================================
Received Import Request.
  Time since last request: 0.098946 seconds.
  path: Assets/SyntyStudios/PolygonKnights/Prefabs/Buildings/SM_Bld_Rockwall_Stairs_01.prefab
  artifactKey: Guid(6632839a4fe2f5640b64865057f79acc) Importer(815301076,1909f56bfc062723c751e8b465ee728b)
Start importing Assets/SyntyStudios/PolygonKnights/Prefabs/Buildings/SM_Bld_Rockwall_Stairs_01.prefab using Guid(6632839a4fe2f5640b64865057f79acc) Importer(815301076,1909f56bfc062723c751e8b465ee728b)  -> (artifact id: '84132a9d5b3f3f655c6468dc2f9d429d') in 0.018836 seconds 
========================================================================
Received Import Request.
  Time since last request: 0.768966 seconds.
  path: Assets/GameData/3 Placeables/Level 3/EnArcherAi.asset
  artifactKey: Guid(3c9870d789e955d4294c6c9422dacfb8) Importer(815301076,1909f56bfc062723c751e8b465ee728b)
Start importing Assets/GameData/3 Placeables/Level 3/EnArcherAi.asset using Guid(3c9870d789e955d4294c6c9422dacfb8) Importer(815301076,1909f56bfc062723c751e8b465ee728b)  -> (artifact id: '1dbfca992eb81eceecbc580839145bef') in 0.006038 seconds 
========================================================================
Received Import Request.
  Time since last request: 0.000030 seconds.
  path: Assets/GameData/3 Placeables/Level 3/EnWarriorAi.asset
  artifactKey: Guid(5dfc936c1fa01b14ea1d5015365aacb6) Importer(815301076,1909f56bfc062723c751e8b465ee728b)
Start importing Assets/GameData/3 Placeables/Level 3/EnWarriorAi.asset using Guid(5dfc936c1fa01b14ea1d5015365aacb6) Importer(815301076,1909f56bfc062723c751e8b465ee728b)  -> (artifact id: '319bca3d7e03135a161f6a80c1bbadd4') in 0.012783 seconds 
========================================================================
Received Prepare
Registering precompiled user dll's ...
Registered in 0.001983 seconds.
Begin MonoManager ReloadAssembly
Native extension for UWP target not found
Native extension for WindowsStandalone target not found
Native extension for Android target not found
Native extension for WebGL target not found
Refreshing native plugins compatible for Editor in 1.94 ms, found 0 plugins.
Preloading 0 native plugins for Editor in 0.00 ms.
Mono: successfully reloaded assembly
- Completed reload, in  1.265 seconds
Domain Reload Profiling:
	ReloadAssembly (1266ms)
		BeginReloadAssembly (137ms)
			ExecutionOrderSort (0ms)
			DisableScriptedObjects (7ms)
			BackupInstance (0ms)
			ReleaseScriptingObjects (0ms)
			CreateAndSetChildDomain (35ms)
		EndReloadAssembly (1022ms)
			LoadAssemblies (83ms)
			RebuildTransferFunctionScriptingTraits (0ms)
			SetupTypeCache (209ms)
			ReleaseScriptCaches (1ms)
			RebuildScriptCaches (67ms)
			SetupLoadedEditorAssemblies (464ms)
				LogAssemblyErrors (0ms)
				InitializePlatformSupportModulesInManaged (28ms)
				SetLoadedEditorAssemblies (1ms)
				RefreshPlugins (2ms)
				BeforeProcessingInitializeOnLoad (96ms)
				ProcessInitializeOnLoadAttributes (188ms)
				ProcessInitializeOnLoadMethodAttributes (146ms)
				AfterProcessingInitializeOnLoad (2ms)
				EditorAssembliesLoaded (1ms)
			ExecutionOrderSort2 (0ms)
			AwakeInstancesAfterBackupRestoration (103ms)
Platform modules already initialized, skipping
Refreshing native plugins compatible for Editor in 2.64 ms, found 0 plugins.
Preloading 0 native plugins for Editor in 0.00 ms.
Unloading 3492 Unused Serialized files (Serialized files now loaded: 0)
Unloading 12 unused Assets / (387.7 KB). Loaded Objects now: 4213.
Memory consumption went from 186.9 MB to 186.5 MB.
Total: 5.781600 ms (FindLiveObjects: 0.382600 ms CreateObjectMapping: 0.405700 ms MarkObjects: 4.880900 ms  DeleteObjects: 0.111000 ms)

AssetImportParameters requested are different than current active one (requested -> active):
  custom:video-decoder-ogg-theora: a1e56fd34408186e4bbccfd4996cb3dc -> 
  custom:container-muxer-webm: aa71ff27fc2769a1b78a27578f13a17b -> 
  custom:container-demuxer-webm: 4f35f7cbe854078d1ac9338744f61a02 -> 
  custom:video-encoder-webm-vp8: eb34c28f22e8b96e1ab97ce403110664 -> 
  custom:CustomObjectIndexerAttribute: 6b0e35c9178b02a6363f3721b7b8e397 -> 
  custom:audio-encoder-webm-vorbis: bf7c407c2cedff20999df2af8eb42d56 -> 
  custom:framework-win-MediaFoundation: 216162199b28c13a410421893ffa2e32 -> 
  custom:container-demuxer-ogg: 62fdf1f143b41e24485cea50d1cbac27 -> 
  custom:video-decoder-webm-vp8: 9c59270c3fd7afecdb556c50c9e8de78 -> 
  custom:audio-decoder-ogg-vorbis: bf7c407c2cedff20999df2af8eb42d56 -> 
========================================================================
Received Prepare
Registering precompiled user dll's ...
Registered in 0.001659 seconds.
Begin MonoManager ReloadAssembly
Native extension for UWP target not found
Native extension for WindowsStandalone target not found
Native extension for Android target not found
Native extension for WebGL target not found
Refreshing native plugins compatible for Editor in 1.02 ms, found 0 plugins.
Preloading 0 native plugins for Editor in 0.00 ms.
Mono: successfully reloaded assembly
- Completed reload, in  1.145 seconds
Domain Reload Profiling:
	ReloadAssembly (1146ms)
		BeginReloadAssembly (132ms)
			ExecutionOrderSort (0ms)
			DisableScriptedObjects (8ms)
			BackupInstance (0ms)
			ReleaseScriptingObjects (0ms)
			CreateAndSetChildDomain (34ms)
		EndReloadAssembly (910ms)
			LoadAssemblies (78ms)
			RebuildTransferFunctionScriptingTraits (0ms)
			SetupTypeCache (234ms)
			ReleaseScriptCaches (1ms)
			RebuildScriptCaches (61ms)
			SetupLoadedEditorAssemblies (363ms)
				LogAssemblyErrors (0ms)
				InitializePlatformSupportModulesInManaged (24ms)
				SetLoadedEditorAssemblies (0ms)
				RefreshPlugins (1ms)
				BeforeProcessingInitializeOnLoad (67ms)
				ProcessInitializeOnLoadAttributes (141ms)
				ProcessInitializeOnLoadMethodAttributes (127ms)
				AfterProcessingInitializeOnLoad (3ms)
				EditorAssembliesLoaded (0ms)
			ExecutionOrderSort2 (0ms)
			AwakeInstancesAfterBackupRestoration (94ms)
Platform modules already initialized, skipping
Refreshing native plugins compatible for Editor in 1.42 ms, found 0 plugins.
Preloading 0 native plugins for Editor in 0.00 ms.
Unloading 3492 Unused Serialized files (Serialized files now loaded: 0)
Unloading 12 unused Assets / (387.6 KB). Loaded Objects now: 4228.
Memory consumption went from 186.9 MB to 186.5 MB.
Total: 2.975400 ms (FindLiveObjects: 0.284700 ms CreateObjectMapping: 0.186500 ms MarkObjects: 2.414300 ms  DeleteObjects: 0.088900 ms)

AssetImportParameters requested are different than current active one (requested -> active):
  custom:video-decoder-ogg-theora: a1e56fd34408186e4bbccfd4996cb3dc -> 
  custom:container-muxer-webm: aa71ff27fc2769a1b78a27578f13a17b -> 
  custom:container-demuxer-webm: 4f35f7cbe854078d1ac9338744f61a02 -> 
  custom:video-encoder-webm-vp8: eb34c28f22e8b96e1ab97ce403110664 -> 
  custom:CustomObjectIndexerAttribute: 6b0e35c9178b02a6363f3721b7b8e397 -> 
  custom:audio-encoder-webm-vorbis: bf7c407c2cedff20999df2af8eb42d56 -> 
  custom:framework-win-MediaFoundation: 216162199b28c13a410421893ffa2e32 -> 
  custom:container-demuxer-ogg: 62fdf1f143b41e24485cea50d1cbac27 -> 
  custom:video-decoder-webm-vp8: 9c59270c3fd7afecdb556c50c9e8de78 -> 
  custom:audio-decoder-ogg-vorbis: bf7c407c2cedff20999df2af8eb42d56 -> 
========================================================================
Received Prepare
Registering precompiled user dll's ...
Registered in 0.001529 seconds.
Begin MonoManager ReloadAssembly
Native extension for UWP target not found
Native extension for WindowsStandalone target not found
Native extension for Android target not found
Native extension for WebGL target not found
Refreshing native plugins compatible for Editor in 1.02 ms, found 0 plugins.
Preloading 0 native plugins for Editor in 0.00 ms.
Mono: successfully reloaded assembly
- Completed reload, in  1.133 seconds
Domain Reload Profiling:
	ReloadAssembly (1135ms)
		BeginReloadAssembly (146ms)
			ExecutionOrderSort (0ms)
			DisableScriptedObjects (8ms)
			BackupInstance (0ms)
			ReleaseScriptingObjects (0ms)
			CreateAndSetChildDomain (34ms)
		EndReloadAssembly (887ms)
			LoadAssemblies (92ms)
			RebuildTransferFunctionScriptingTraits (0ms)
			SetupTypeCache (217ms)
			ReleaseScriptCaches (2ms)
			RebuildScriptCaches (55ms)
			SetupLoadedEditorAssemblies (361ms)
				LogAssemblyErrors (0ms)
				InitializePlatformSupportModulesInManaged (23ms)
				SetLoadedEditorAssemblies (0ms)
				RefreshPlugins (1ms)
				BeforeProcessingInitializeOnLoad (75ms)
				ProcessInitializeOnLoadAttributes (139ms)
				ProcessInitializeOnLoadMethodAttributes (119ms)
				AfterProcessingInitializeOnLoad (2ms)
				EditorAssembliesLoaded (0ms)
			ExecutionOrderSort2 (0ms)
			AwakeInstancesAfterBackupRestoration (89ms)
Platform modules already initialized, skipping
Refreshing native plugins compatible for Editor in 1.38 ms, found 0 plugins.
Preloading 0 native plugins for Editor in 0.00 ms.
Unloading 3492 Unused Serialized files (Serialized files now loaded: 0)
Unloading 12 unused Assets / (387.6 KB). Loaded Objects now: 4243.
Memory consumption went from 186.9 MB to 186.5 MB.
Total: 3.191600 ms (FindLiveObjects: 0.264200 ms CreateObjectMapping: 0.172000 ms MarkObjects: 2.682600 ms  DeleteObjects: 0.071700 ms)

AssetImportParameters requested are different than current active one (requested -> active):
  custom:video-decoder-ogg-theora: a1e56fd34408186e4bbccfd4996cb3dc -> 
  custom:container-muxer-webm: aa71ff27fc2769a1b78a27578f13a17b -> 
  custom:container-demuxer-webm: 4f35f7cbe854078d1ac9338744f61a02 -> 
  custom:video-encoder-webm-vp8: eb34c28f22e8b96e1ab97ce403110664 -> 
  custom:CustomObjectIndexerAttribute: 6b0e35c9178b02a6363f3721b7b8e397 -> 
  custom:audio-encoder-webm-vorbis: bf7c407c2cedff20999df2af8eb42d56 -> 
  custom:framework-win-MediaFoundation: 216162199b28c13a410421893ffa2e32 -> 
  custom:container-demuxer-ogg: 62fdf1f143b41e24485cea50d1cbac27 -> 
  custom:video-decoder-webm-vp8: 9c59270c3fd7afecdb556c50c9e8de78 -> 
  custom:audio-decoder-ogg-vorbis: bf7c407c2cedff20999df2af8eb42d56 -> 
========================================================================
Received Prepare
Registering precompiled user dll's ...
Registered in 0.001562 seconds.
Begin MonoManager ReloadAssembly
Native extension for UWP target not found
Native extension for WindowsStandalone target not found
Native extension for Android target not found
Native extension for WebGL target not found
Refreshing native plugins compatible for Editor in 1.77 ms, found 0 plugins.
Preloading 0 native plugins for Editor in 0.00 ms.
Mono: successfully reloaded assembly
- Completed reload, in  1.103 seconds
Domain Reload Profiling:
	ReloadAssembly (1104ms)
		BeginReloadAssembly (132ms)
			ExecutionOrderSort (0ms)
			DisableScriptedObjects (8ms)
			BackupInstance (0ms)
			ReleaseScriptingObjects (0ms)
			CreateAndSetChildDomain (27ms)
		EndReloadAssembly (867ms)
			LoadAssemblies (81ms)
			RebuildTransferFunctionScriptingTraits (0ms)
			SetupTypeCache (220ms)
			ReleaseScriptCaches (2ms)
			RebuildScriptCaches (45ms)
			SetupLoadedEditorAssemblies (377ms)
				LogAssemblyErrors (0ms)
				InitializePlatformSupportModulesInManaged (21ms)
				SetLoadedEditorAssemblies (1ms)
				RefreshPlugins (2ms)
				BeforeProcessingInitializeOnLoad (66ms)
				ProcessInitializeOnLoadAttributes (146ms)
				ProcessInitializeOnLoadMethodAttributes (138ms)
				AfterProcessingInitializeOnLoad (3ms)
				EditorAssembliesLoaded (0ms)
			ExecutionOrderSort2 (0ms)
			AwakeInstancesAfterBackupRestoration (82ms)
Platform modules already initialized, skipping
Refreshing native plugins compatible for Editor in 2.50 ms, found 0 plugins.
Preloading 0 native plugins for Editor in 0.00 ms.
Unloading 3492 Unused Serialized files (Serialized files now loaded: 0)
Unloading 12 unused Assets / (387.6 KB). Loaded Objects now: 4258.
Memory consumption went from 186.9 MB to 186.6 MB.
Total: 3.008600 ms (FindLiveObjects: 0.280500 ms CreateObjectMapping: 0.191200 ms MarkObjects: 2.456700 ms  DeleteObjects: 0.079500 ms)

AssetImportParameters requested are different than current active one (requested -> active):
  custom:video-decoder-ogg-theora: a1e56fd34408186e4bbccfd4996cb3dc -> 
  custom:container-muxer-webm: aa71ff27fc2769a1b78a27578f13a17b -> 
  custom:container-demuxer-webm: 4f35f7cbe854078d1ac9338744f61a02 -> 
  custom:video-encoder-webm-vp8: eb34c28f22e8b96e1ab97ce403110664 -> 
  custom:CustomObjectIndexerAttribute: 6b0e35c9178b02a6363f3721b7b8e397 -> 
  custom:audio-encoder-webm-vorbis: bf7c407c2cedff20999df2af8eb42d56 -> 
  custom:framework-win-MediaFoundation: 216162199b28c13a410421893ffa2e32 -> 
  custom:container-demuxer-ogg: 62fdf1f143b41e24485cea50d1cbac27 -> 
  custom:video-decoder-webm-vp8: 9c59270c3fd7afecdb556c50c9e8de78 -> 
  custom:audio-decoder-ogg-vorbis: bf7c407c2cedff20999df2af8eb42d56 -> 
========================================================================
Received Prepare
Registering precompiled user dll's ...
Registered in 0.001637 seconds.
Begin MonoManager ReloadAssembly
Native extension for UWP target not found
Native extension for WindowsStandalone target not found
Native extension for Android target not found
Native extension for WebGL target not found
Refreshing native plugins compatible for Editor in 1.03 ms, found 0 plugins.
Preloading 0 native plugins for Editor in 0.00 ms.
Mono: successfully reloaded assembly
- Completed reload, in  1.084 seconds
Domain Reload Profiling:
	ReloadAssembly (1085ms)
		BeginReloadAssembly (131ms)
			ExecutionOrderSort (0ms)
			DisableScriptedObjects (11ms)
			BackupInstance (0ms)
			ReleaseScriptingObjects (0ms)
			CreateAndSetChildDomain (30ms)
		EndReloadAssembly (855ms)
			LoadAssemblies (76ms)
			RebuildTransferFunctionScriptingTraits (0ms)
			SetupTypeCache (238ms)
			ReleaseScriptCaches (1ms)
			RebuildScriptCaches (49ms)
			SetupLoadedEditorAssemblies (340ms)
				LogAssemblyErrors (0ms)
				InitializePlatformSupportModulesInManaged (26ms)
				SetLoadedEditorAssemblies (0ms)
				RefreshPlugins (1ms)
				BeforeProcessingInitializeOnLoad (68ms)
				ProcessInitializeOnLoadAttributes (133ms)
				ProcessInitializeOnLoadMethodAttributes (109ms)
				AfterProcessingInitializeOnLoad (2ms)
				EditorAssembliesLoaded (0ms)
			ExecutionOrderSort2 (0ms)
			AwakeInstancesAfterBackupRestoration (76ms)
Platform modules already initialized, skipping
Refreshing native plugins compatible for Editor in 1.66 ms, found 0 plugins.
Preloading 0 native plugins for Editor in 0.00 ms.
Unloading 3492 Unused Serialized files (Serialized files now loaded: 0)
Unloading 12 unused Assets / (387.7 KB). Loaded Objects now: 4273.
Memory consumption went from 187.0 MB to 186.6 MB.
Total: 3.528200 ms (FindLiveObjects: 0.326100 ms CreateObjectMapping: 0.207000 ms MarkObjects: 2.892100 ms  DeleteObjects: 0.101600 ms)

AssetImportParameters requested are different than current active one (requested -> active):
  custom:video-decoder-ogg-theora: a1e56fd34408186e4bbccfd4996cb3dc -> 
  custom:container-muxer-webm: aa71ff27fc2769a1b78a27578f13a17b -> 
  custom:container-demuxer-webm: 4f35f7cbe854078d1ac9338744f61a02 -> 
  custom:video-encoder-webm-vp8: eb34c28f22e8b96e1ab97ce403110664 -> 
  custom:CustomObjectIndexerAttribute: 6b0e35c9178b02a6363f3721b7b8e397 -> 
  custom:audio-encoder-webm-vorbis: bf7c407c2cedff20999df2af8eb42d56 -> 
  custom:framework-win-MediaFoundation: 216162199b28c13a410421893ffa2e32 -> 
  custom:container-demuxer-ogg: 62fdf1f143b41e24485cea50d1cbac27 -> 
  custom:video-decoder-webm-vp8: 9c59270c3fd7afecdb556c50c9e8de78 -> 
  custom:audio-decoder-ogg-vorbis: bf7c407c2cedff20999df2af8eb42d56 -> 
========================================================================
Received Prepare
Registering precompiled user dll's ...
Registered in 0.001591 seconds.
Begin MonoManager ReloadAssembly
Native extension for UWP target not found
Native extension for WindowsStandalone target not found
Native extension for Android target not found
Native extension for WebGL target not found
Refreshing native plugins compatible for Editor in 1.03 ms, found 0 plugins.
Preloading 0 native plugins for Editor in 0.00 ms.
Mono: successfully reloaded assembly
- Completed reload, in  1.111 seconds
Domain Reload Profiling:
	ReloadAssembly (1112ms)
		BeginReloadAssembly (148ms)
			ExecutionOrderSort (0ms)
			DisableScriptedObjects (9ms)
			BackupInstance (0ms)
			ReleaseScriptingObjects (0ms)
			CreateAndSetChildDomain (34ms)
		EndReloadAssembly (864ms)
			LoadAssemblies (90ms)
			RebuildTransferFunctionScriptingTraits (0ms)
			SetupTypeCache (242ms)
			ReleaseScriptCaches (1ms)
			RebuildScriptCaches (54ms)
			SetupLoadedEditorAssemblies (331ms)
				LogAssemblyErrors (0ms)
				InitializePlatformSupportModulesInManaged (21ms)
				SetLoadedEditorAssemblies (0ms)
				RefreshPlugins (1ms)
				BeforeProcessingInitializeOnLoad (66ms)
				ProcessInitializeOnLoadAttributes (138ms)
				ProcessInitializeOnLoadMethodAttributes (103ms)
				AfterProcessingInitializeOnLoad (2ms)
				EditorAssembliesLoaded (0ms)
			ExecutionOrderSort2 (0ms)
			AwakeInstancesAfterBackupRestoration (74ms)
Platform modules already initialized, skipping
Refreshing native plugins compatible for Editor in 1.41 ms, found 0 plugins.
Preloading 0 native plugins for Editor in 0.00 ms.
Unloading 3492 Unused Serialized files (Serialized files now loaded: 0)
Unloading 12 unused Assets / (387.6 KB). Loaded Objects now: 4288.
Memory consumption went from 187.0 MB to 186.6 MB.
Total: 2.816600 ms (FindLiveObjects: 0.271000 ms CreateObjectMapping: 0.174300 ms MarkObjects: 2.303700 ms  DeleteObjects: 0.066700 ms)

AssetImportParameters requested are different than current active one (requested -> active):
  custom:video-decoder-ogg-theora: a1e56fd34408186e4bbccfd4996cb3dc -> 
  custom:container-muxer-webm: aa71ff27fc2769a1b78a27578f13a17b -> 
  custom:container-demuxer-webm: 4f35f7cbe854078d1ac9338744f61a02 -> 
  custom:video-encoder-webm-vp8: eb34c28f22e8b96e1ab97ce403110664 -> 
  custom:CustomObjectIndexerAttribute: 6b0e35c9178b02a6363f3721b7b8e397 -> 
  custom:audio-encoder-webm-vorbis: bf7c407c2cedff20999df2af8eb42d56 -> 
  custom:framework-win-MediaFoundation: 216162199b28c13a410421893ffa2e32 -> 
  custom:container-demuxer-ogg: 62fdf1f143b41e24485cea50d1cbac27 -> 
  custom:video-decoder-webm-vp8: 9c59270c3fd7afecdb556c50c9e8de78 -> 
  custom:audio-decoder-ogg-vorbis: bf7c407c2cedff20999df2af8eb42d56 -> 
========================================================================
Received Import Request.
  Time since last request: 1184.844130 seconds.
  path: Assets/GameData/3 Placeables/Level 4/EnWarriorAi.asset
  artifactKey: Guid(2cd042c8e29bc4247ab524c203f709cf) Importer(815301076,1909f56bfc062723c751e8b465ee728b)
Start importing Assets/GameData/3 Placeables/Level 4/EnWarriorAi.asset using Guid(2cd042c8e29bc4247ab524c203f709cf) Importer(815301076,1909f56bfc062723c751e8b465ee728b)  -> (artifact id: 'e20cde551b55df4a713bb44482c0a40c') in 0.054034 seconds 
========================================================================
Received Prepare
Refreshing native plugins compatible for Editor in 2.00 ms, found 0 plugins.
Preloading 0 native plugins for Editor in 0.00 ms.
Unloading 12 Unused Serialized files (Serialized files now loaded: 0)
Unloading 12 unused Assets / (387.7 KB). Loaded Objects now: 4288.
Memory consumption went from 117.0 MB to 116.6 MB.
Total: 3.603900 ms (FindLiveObjects: 0.271300 ms CreateObjectMapping: 0.180900 ms MarkObjects: 3.075400 ms  DeleteObjects: 0.075500 ms)

AssetImportParameters requested are different than current active one (requested -> active):
  custom:video-decoder-ogg-theora: a1e56fd34408186e4bbccfd4996cb3dc -> 
  custom:container-muxer-webm: aa71ff27fc2769a1b78a27578f13a17b -> 
  custom:container-demuxer-webm: 4f35f7cbe854078d1ac9338744f61a02 -> 
  custom:video-encoder-webm-vp8: eb34c28f22e8b96e1ab97ce403110664 -> 
  custom:CustomObjectIndexerAttribute: 6b0e35c9178b02a6363f3721b7b8e397 -> 
  custom:audio-encoder-webm-vorbis: bf7c407c2cedff20999df2af8eb42d56 -> 
  custom:framework-win-MediaFoundation: 216162199b28c13a410421893ffa2e32 -> 
  custom:container-demuxer-ogg: 62fdf1f143b41e24485cea50d1cbac27 -> 
  custom:video-decoder-webm-vp8: 9c59270c3fd7afecdb556c50c9e8de78 -> 
  custom:audio-decoder-ogg-vorbis: bf7c407c2cedff20999df2af8eb42d56 -> 
========================================================================
Received Import Request.
  Time since last request: 607.471491 seconds.
  path: Assets/GameData/3 Placeables/Level 1/MageAi.asset
  artifactKey: Guid(756a7bf0d42c1ae4789f18230ce9e4d4) Importer(815301076,1909f56bfc062723c751e8b465ee728b)
Start importing Assets/GameData/3 Placeables/Level 1/MageAi.asset using Guid(756a7bf0d42c1ae4789f18230ce9e4d4) Importer(815301076,1909f56bfc062723c751e8b465ee728b)  -> (artifact id: '824c913eab683f942c0958063e0bbb74') in 0.020942 seconds 
========================================================================
Received Import Request.
  Time since last request: 21.781278 seconds.
  path: Assets/GameData/3 Placeables/Level 2/EnArcherAi.asset
  artifactKey: Guid(27fbe1c86d458ac43963674019bac670) Importer(815301076,1909f56bfc062723c751e8b465ee728b)
Start importing Assets/GameData/3 Placeables/Level 2/EnArcherAi.asset using Guid(27fbe1c86d458ac43963674019bac670) Importer(815301076,1909f56bfc062723c751e8b465ee728b)  -> (artifact id: '60e56774ad4602e6b6bcc6f8413ef168') in 0.019040 seconds 
========================================================================
Received Import Request.
  Time since last request: 15.621814 seconds.
  path: Assets/GameData/3 Placeables/Level 3/EnArcherAi.asset
  artifactKey: Guid(3c9870d789e955d4294c6c9422dacfb8) Importer(815301076,1909f56bfc062723c751e8b465ee728b)
Start importing Assets/GameData/3 Placeables/Level 3/EnArcherAi.asset using Guid(3c9870d789e955d4294c6c9422dacfb8) Importer(815301076,1909f56bfc062723c751e8b465ee728b)  -> (artifact id: '4d727362ada65ba22fa79158a0537ace') in 0.008793 seconds 
========================================================================
Received Import Request.
  Time since last request: 0.000023 seconds.
  path: Assets/GameData/3 Placeables/Level 3/WarriorAi 3.asset
  artifactKey: Guid(cf34e9b047485c8448302c814c39601f) Importer(815301076,1909f56bfc062723c751e8b465ee728b)
Start importing Assets/GameData/3 Placeables/Level 3/WarriorAi 3.asset using Guid(cf34e9b047485c8448302c814c39601f) Importer(815301076,1909f56bfc062723c751e8b465ee728b)  -> (artifact id: '5f9bb605053a4ad15a3ccc8b89d133cf') in 0.014782 seconds 
========================================================================
Received Import Request.
  Time since last request: 18.078544 seconds.
  path: Assets/GameData/3 Placeables/Level 4/WarriorAi 4.asset
  artifactKey: Guid(addab105041b931469e770c187baa3ea) Importer(815301076,1909f56bfc062723c751e8b465ee728b)
Start importing Assets/GameData/3 Placeables/Level 4/WarriorAi 4.asset using Guid(addab105041b931469e770c187baa3ea) Importer(815301076,1909f56bfc062723c751e8b465ee728b)  -> (artifact id: 'cb896513bd9da07d24a55c084a22517f') in 0.013370 seconds 
========================================================================
Received Import Request.
  Time since last request: 4.118442 seconds.
  path: Assets/GameData/3 Placeables/Level 4/EnMageAi.asset
  artifactKey: Guid(c0c703f3734890b44818e7655dec8c7a) Importer(815301076,1909f56bfc062723c751e8b465ee728b)
Start importing Assets/GameData/3 Placeables/Level 4/EnMageAi.asset using Guid(c0c703f3734890b44818e7655dec8c7a) Importer(815301076,1909f56bfc062723c751e8b465ee728b)  -> (artifact id: '643dfec0649a6486dfff514104c86e96') in 0.020586 seconds 
========================================================================
Received Import Request.
  Time since last request: 2.552291 seconds.
  path: Assets/GameData/3 Placeables/Level 5/EnMageAi.asset
  artifactKey: Guid(eb832068c1ba0ae44992cfedc3d6baef) Importer(815301076,1909f56bfc062723c751e8b465ee728b)
Start importing Assets/GameData/3 Placeables/Level 5/EnMageAi.asset using Guid(eb832068c1ba0ae44992cfedc3d6baef) Importer(815301076,1909f56bfc062723c751e8b465ee728b)  -> (artifact id: '1fbfef2c596f1de3a28ec4c2747079a8') in 0.008858 seconds 
========================================================================
Received Import Request.
  Time since last request: 0.000024 seconds.
  path: Assets/GameData/3 Placeables/Level 5/MageAi 5.asset
  artifactKey: Guid(f2765c47b875d114ea9153e16b7c5cc9) Importer(815301076,1909f56bfc062723c751e8b465ee728b)
Start importing Assets/GameData/3 Placeables/Level 5/MageAi 5.asset using Guid(f2765c47b875d114ea9153e16b7c5cc9) Importer(815301076,1909f56bfc062723c751e8b465ee728b)  -> (artifact id: '34a6a00f9165d635758aba69f577ab42') in 0.014406 seconds 
========================================================================
Received Import Request.
  Time since last request: 12.786053 seconds.
  path: Assets/GameData/3 Placeables/Level 5/WarriorAi 5.asset
  artifactKey: Guid(e351b44a4d729e84697678860cd7cb5b) Importer(815301076,1909f56bfc062723c751e8b465ee728b)
Start importing Assets/GameData/3 Placeables/Level 5/WarriorAi 5.asset using Guid(e351b44a4d729e84697678860cd7cb5b) Importer(815301076,1909f56bfc062723c751e8b465ee728b)  -> (artifact id: 'abb72c85e833e6b3c5577505e0ed1043') in 0.011551 seconds 
========================================================================
Received Import Request.
  Time since last request: 0.352557 seconds.
  path: Assets/GameData/3 Placeables/Level 6/MageAi 6.asset
  artifactKey: Guid(14d2dff9653ee834986ee428167e97ef) Importer(815301076,1909f56bfc062723c751e8b465ee728b)
Start importing Assets/GameData/3 Placeables/Level 6/MageAi 6.asset using Guid(14d2dff9653ee834986ee428167e97ef) Importer(815301076,1909f56bfc062723c751e8b465ee728b)  -> (artifact id: 'ec6d5cfabb88c170d741191c1600f125') in 0.014460 seconds 
========================================================================
Received Import Request.
  Time since last request: 5.782523 seconds.
  path: Assets/GameData/3 Placeables/Level 5/EnMageAi.asset
  artifactKey: Guid(eb832068c1ba0ae44992cfedc3d6baef) Importer(815301076,1909f56bfc062723c751e8b465ee728b)
Start importing Assets/GameData/3 Placeables/Level 5/EnMageAi.asset using Guid(eb832068c1ba0ae44992cfedc3d6baef) Importer(815301076,1909f56bfc062723c751e8b465ee728b)  -> (artifact id: 'c1b5001c1067bc01385ba77713f83594') in 0.007468 seconds 
========================================================================
Received Import Request.
  Time since last request: 15.035297 seconds.
  path: Assets/GameData/3 Placeables/Level 5/WarriorAi 5.asset
  artifactKey: Guid(e351b44a4d729e84697678860cd7cb5b) Importer(815301076,1909f56bfc062723c751e8b465ee728b)
Start importing Assets/GameData/3 Placeables/Level 5/WarriorAi 5.asset using Guid(e351b44a4d729e84697678860cd7cb5b) Importer(815301076,1909f56bfc062723c751e8b465ee728b)  -> (artifact id: 'd0fceff353d0e64b0ec739ad65927ae2') in 0.004052 seconds 
========================================================================
Received Import Request.
  Time since last request: 20.526672 seconds.
  path: Assets/GameData/3 Placeables/Level 6/WarriorAi 6.asset
  artifactKey: Guid(3d231693e9049544aab79a123b8ba7d3) Importer(815301076,1909f56bfc062723c751e8b465ee728b)
Start importing Assets/GameData/3 Placeables/Level 6/WarriorAi 6.asset using Guid(3d231693e9049544aab79a123b8ba7d3) Importer(815301076,1909f56bfc062723c751e8b465ee728b)  -> (artifact id: 'e7b699b89eb3473f7d207a0b870442c5') in 0.011383 seconds 
========================================================================
Received Import Request.
  Time since last request: 4.334204 seconds.
  path: Assets/GameData/2 Cards/Level 5/AI/5 TwoMage.asset
  artifactKey: Guid(528a14511eba655418b13677a28759e1) Importer(815301076,1909f56bfc062723c751e8b465ee728b)
Start importing Assets/GameData/2 Cards/Level 5/AI/5 TwoMage.asset using Guid(528a14511eba655418b13677a28759e1) Importer(815301076,1909f56bfc062723c751e8b465ee728b)  -> (artifact id: '17b5faf7e9ef59f706d5c41a7fddb999') in 0.026425 seconds 
========================================================================
Received Prepare
Refreshing native plugins compatible for Editor in 2.70 ms, found 0 plugins.
Preloading 0 native plugins for Editor in 0.00 ms.
Unloading 12 Unused Serialized files (Serialized files now loaded: 0)
Unloading 12 unused Assets / (387.6 KB). Loaded Objects now: 4288.
Memory consumption went from 117.2 MB to 116.8 MB.
Total: 6.853200 ms (FindLiveObjects: 0.365000 ms CreateObjectMapping: 0.321600 ms MarkObjects: 6.060500 ms  DeleteObjects: 0.105100 ms)

AssetImportParameters requested are different than current active one (requested -> active):
  custom:video-decoder-ogg-theora: a1e56fd34408186e4bbccfd4996cb3dc -> 
  custom:container-muxer-webm: aa71ff27fc2769a1b78a27578f13a17b -> 
  custom:container-demuxer-webm: 4f35f7cbe854078d1ac9338744f61a02 -> 
  custom:video-encoder-webm-vp8: eb34c28f22e8b96e1ab97ce403110664 -> 
  custom:CustomObjectIndexerAttribute: 6b0e35c9178b02a6363f3721b7b8e397 -> 
  custom:audio-encoder-webm-vorbis: bf7c407c2cedff20999df2af8eb42d56 -> 
  custom:framework-win-MediaFoundation: 216162199b28c13a410421893ffa2e32 -> 
  custom:container-demuxer-ogg: 62fdf1f143b41e24485cea50d1cbac27 -> 
  custom:video-decoder-webm-vp8: 9c59270c3fd7afecdb556c50c9e8de78 -> 
  custom:audio-decoder-ogg-vorbis: bf7c407c2cedff20999df2af8eb42d56 -> 
========================================================================
Received Prepare
Refreshing native plugins compatible for Editor in 3.44 ms, found 0 plugins.
Preloading 0 native plugins for Editor in 0.00 ms.
Unloading 12 Unused Serialized files (Serialized files now loaded: 0)
Unloading 12 unused Assets / (387.6 KB). Loaded Objects now: 4288.
Memory consumption went from 117.2 MB to 116.8 MB.
Total: 3.349900 ms (FindLiveObjects: 0.439600 ms CreateObjectMapping: 0.252600 ms MarkObjects: 2.559300 ms  DeleteObjects: 0.097400 ms)

AssetImportParameters requested are different than current active one (requested -> active):
  custom:video-decoder-ogg-theora: a1e56fd34408186e4bbccfd4996cb3dc -> 
  custom:container-muxer-webm: aa71ff27fc2769a1b78a27578f13a17b -> 
  custom:container-demuxer-webm: 4f35f7cbe854078d1ac9338744f61a02 -> 
  custom:video-encoder-webm-vp8: eb34c28f22e8b96e1ab97ce403110664 -> 
  custom:CustomObjectIndexerAttribute: 6b0e35c9178b02a6363f3721b7b8e397 -> 
  custom:audio-encoder-webm-vorbis: bf7c407c2cedff20999df2af8eb42d56 -> 
  custom:framework-win-MediaFoundation: 216162199b28c13a410421893ffa2e32 -> 
  custom:container-demuxer-ogg: 62fdf1f143b41e24485cea50d1cbac27 -> 
  custom:video-decoder-webm-vp8: 9c59270c3fd7afecdb556c50c9e8de78 -> 
  custom:audio-decoder-ogg-vorbis: bf7c407c2cedff20999df2af8eb42d56 -> 
========================================================================
Received Prepare
Refreshing native plugins compatible for Editor in 3.75 ms, found 0 plugins.
Preloading 0 native plugins for Editor in 0.00 ms.
Unloading 12 Unused Serialized files (Serialized files now loaded: 0)
Unloading 12 unused Assets / (387.6 KB). Loaded Objects now: 4288.
Memory consumption went from 117.2 MB to 116.8 MB.
Total: 3.956300 ms (FindLiveObjects: 0.323600 ms CreateObjectMapping: 0.192800 ms MarkObjects: 3.351700 ms  DeleteObjects: 0.087200 ms)

AssetImportParameters requested are different than current active one (requested -> active):
  custom:video-decoder-ogg-theora: a1e56fd34408186e4bbccfd4996cb3dc -> 
  custom:container-muxer-webm: aa71ff27fc2769a1b78a27578f13a17b -> 
  custom:container-demuxer-webm: 4f35f7cbe854078d1ac9338744f61a02 -> 
  custom:video-encoder-webm-vp8: eb34c28f22e8b96e1ab97ce403110664 -> 
  custom:CustomObjectIndexerAttribute: 6b0e35c9178b02a6363f3721b7b8e397 -> 
  custom:audio-encoder-webm-vorbis: bf7c407c2cedff20999df2af8eb42d56 -> 
  custom:framework-win-MediaFoundation: 216162199b28c13a410421893ffa2e32 -> 
  custom:container-demuxer-ogg: 62fdf1f143b41e24485cea50d1cbac27 -> 
  custom:video-decoder-webm-vp8: 9c59270c3fd7afecdb556c50c9e8de78 -> 
  custom:audio-decoder-ogg-vorbis: bf7c407c2cedff20999df2af8eb42d56 -> 
